T255C 7644:379 SEGGER J-Link V6.12 Log File (0000ms, 13968ms total)
T255C 7644:379 DLL Compiled: Nov 25 2016 18:08:26 (0000ms, 13968ms total)
T255C 7644:379 Logging started @ 2018-03-14 17:54 (0000ms, 13968ms total)
T255C 7647:725 JLINK_ExecCommand("Device = AT91SAM4SD32C", ...).   returns 0x00 (0001ms, 13969ms total)
T255C 7647:735 JLINK_ExecCommand("ProjectFile = T:\fefs\quarto\micro\proj1\pioled1\pioled1\jlink.config", ...).   returns 0x00 (0000ms, 13969ms total)
T255C 7651:027 JLINK_ExecCommand("Device = AT91SAM4SD32C", ...).   returns 0x00 (0001ms, 13970ms total)
T255C 7651:028 JLINK_TIF_Select(JLINKARM_TIF_JTAG)  returns 0x00 (0000ms, 13970ms total)
T255C 7651:028 JLINK_GetIdData(...) ScanLen=4 NumDevices=1 aId[0]=0x4BA00477 aIrRead[0]=0 aScanLen[0]=0 aScanRead[0]=0 (0000ms, 13970ms total)
T255C 7651:028 JLINK_ConfigJTAG(IRPre = 0, DRPre = 0) (0000ms, 13970ms total)
T255C 7651:028 JLINK_SetSpeed(4000) (0001ms, 13971ms total)
T255C 7651:029 JLINK_ResetPullsRESET(OFF) (0000ms, 13971ms total)
T255C 7651:029 JLINK_Connect()  returns 0xFFFFFEFD (0001ms, 13972ms total)
T255C 7651:061 JLINK_ResetPullsRESET(ON) (0000ms, 13972ms total)
T255C 7651:061 JLINK_ResetNoHalt()
  ***** Error: Supply voltage too low (1 Volt is required, Measured: 0.0 Volt).
Please check target power. (1530ms, 15502ms total)
T4BF4 7651:061 
  ***** Error: Connection to emulator lost! (1555ms, 17057ms total)
T255C 7664:838 JLINK_GetHWStatus(...)  returns 0x01 (0000ms, 15502ms total)
T5924 7665:015 JLINK_EMU_GetList(InterfaceMask = 0x00000001, MaxInfos = 0x00000032) [0]: USB, S/N: 28012414  returns 0x01 (0001ms, 15503ms total)
T5924 7665:016 JLINK_EMU_GetList(InterfaceMask = 0x00000002, MaxInfos = 0x00000032)   returns 0x00 (0089ms, 15592ms total)
T5924 7666:202 JLINK_EMU_GetList(InterfaceMask = 0x00000001, MaxInfos = 0x00000032) [0]: USB, S/N: 28012414  returns 0x01 (0000ms, 15592ms total)
T5924 7666:202 JLINK_EMU_GetList(InterfaceMask = 0x00000002, MaxInfos = 0x00000032)   returns 0x00 (0090ms, 15682ms total)
T5924 7667:401 JLINK_EMU_GetList(InterfaceMask = 0x00000001, MaxInfos = 0x00000032) [0]: USB, S/N: 28012414  returns 0x01 (0000ms, 15682ms total)
T5924 7667:401 JLINK_EMU_GetList(InterfaceMask = 0x00000002, MaxInfos = 0x00000032)   returns 0x00 (0089ms, 15771ms total)
T5924 7668:599 JLINK_EMU_GetList(InterfaceMask = 0x00000001, MaxInfos = 0x00000032) [0]: USB, S/N: 28012414  returns 0x01 (0001ms, 15772ms total)
T5924 7668:600 JLINK_EMU_GetList(InterfaceMask = 0x00000002, MaxInfos = 0x00000032)   returns 0x00 (0089ms, 15861ms total)
T5924 7669:815 JLINK_EMU_GetList(InterfaceMask = 0x00000001, MaxInfos = 0x00000032) [0]: USB, S/N: 28012414  returns 0x01 (0000ms, 15861ms total)
T5924 7669:815 JLINK_EMU_GetList(InterfaceMask = 0x00000002, MaxInfos = 0x00000032)   returns 0x00 (0089ms, 15950ms total)
T5924 7671:000 JLINK_EMU_GetList(InterfaceMask = 0x00000001, MaxInfos = 0x00000032) [0]: USB, S/N: 28012414  returns 0x01 (0000ms, 15950ms total)
T5924 7671:000 JLINK_EMU_GetList(InterfaceMask = 0x00000002, MaxInfos = 0x00000032)   returns 0x00 (0089ms, 16039ms total)
T5924 7672:201 JLINK_EMU_GetList(InterfaceMask = 0x00000001, MaxInfos = 0x00000032) [0]: USB, S/N: 28012414  returns 0x01 (0000ms, 16039ms total)
T5924 7672:201 JLINK_EMU_GetList(InterfaceMask = 0x00000002, MaxInfos = 0x00000032)   returns 0x00 (0089ms, 16128ms total)
T5924 7673:401 JLINK_EMU_GetList(InterfaceMask = 0x00000001, MaxInfos = 0x00000032) [0]: USB, S/N: 28012414  returns 0x01 (0001ms, 16129ms total)
T5924 7673:402 JLINK_EMU_GetList(InterfaceMask = 0x00000002, MaxInfos = 0x00000032)   returns 0x00 (0089ms, 16218ms total)
T5924 7674:617 JLINK_EMU_GetList(InterfaceMask = 0x00000001, MaxInfos = 0x00000032) [0]: USB, S/N: 28012414  returns 0x01 (0000ms, 16218ms total)
T5924 7674:617 JLINK_EMU_GetList(InterfaceMask = 0x00000002, MaxInfos = 0x00000032)   returns 0x00 (0089ms, 16307ms total)
T255C 7674:912 JLINK_EMU_SelectByUSBSN(SerialNo = 28012414)  returns 0xFFFFFFFF (0000ms, 16307ms total)
T255C 7674:912 JLINK_GetFirmwareString(...) (0000ms, 16307ms total)
T255C 7674:912 JLINK_GetHardwareVersion()  returns 0x00 (0000ms, 16307ms total)
T255C 7674:912 JLINK_GetDLLVersion()  returns 61200 (0000ms, 16307ms total)
T255C 7675:154 JLINK_ExecCommand("ProjectFile = T:\fefs\quarto\micro\proj1\pioled1\pioled1\jlink.config", ...).   returns 0x00 (0001ms, 16308ms total)
T5924 7675:808 JLINK_EMU_GetList(InterfaceMask = 0x00000001, MaxInfos = 0x00000032) [0]: USB, S/N: 28012414  returns 0x01 (0000ms, 16308ms total)
T5924 7675:809 JLINK_EMU_GetList(InterfaceMask = 0x00000002, MaxInfos = 0x00000032)   returns 0x00 (0088ms, 16396ms total)
T5924 7677:011 JLINK_EMU_GetList(InterfaceMask = 0x00000001, MaxInfos = 0x00000032) [0]: USB, S/N: 28012414  returns 0x01 (0001ms, 16397ms total)
T5924 7677:012 JLINK_EMU_GetList(InterfaceMask = 0x00000002, MaxInfos = 0x00000032)   returns 0x00 (0089ms, 16486ms total)
T5924 7678:209 JLINK_EMU_GetList(InterfaceMask = 0x00000001, MaxInfos = 0x00000032) [0]: USB, S/N: 28012414  returns 0x01 (0000ms, 16486ms total)
T5924 7678:209 JLINK_EMU_GetList(InterfaceMask = 0x00000002, MaxInfos = 0x00000032)   returns 0x00 (0089ms, 16575ms total)
T255C 7678:338 JLINK_ExecCommand("Device = AT91SAM4SD32C", ...).   returns 0x00 (0000ms, 16575ms total)
T255C 7678:343 JLINK_ExecCommand("ProjectFile = T:\fefs\quarto\micro\proj1\pioled1\pioled1\jlink.config", ...).   returns 0x00 (0001ms, 16576ms total)
T5924 7679:412 JLINK_EMU_GetList(InterfaceMask = 0x00000001, MaxInfos = 0x00000032) [0]: USB, S/N: 28012414  returns 0x01 (0000ms, 16576ms total)
T5924 7679:412 JLINK_EMU_GetList(InterfaceMask = 0x00000002, MaxInfos = 0x00000032)   returns 0x00 (0089ms, 16665ms total)
T5924 7680:612 JLINK_EMU_GetList(InterfaceMask = 0x00000001, MaxInfos = 0x00000032) [0]: USB, S/N: 28012414  returns 0x01 (0000ms, 16665ms total)
T5924 7680:612 JLINK_EMU_GetList(InterfaceMask = 0x00000002, MaxInfos = 0x00000032)   returns 0x00 (0089ms, 16754ms total)
T255C 7681:654 JLINK_ExecCommand("Device = AT91SAM4SD32C", ...).   returns 0x00 (0001ms, 16755ms total)
T255C 7681:655 JLINK_TIF_Select(JLINKARM_TIF_JTAG)  returns 0x00 (0000ms, 16755ms total)
T255C 7681:655 JLINK_GetIdData(...) (0000ms, 16755ms total)
T255C 7681:655 JLINK_ConfigJTAG(IRPre = 0, DRPre = 0) (0000ms, 16755ms total)
T255C 7681:655 JLINK_SetSpeed(4000) (0000ms, 16755ms total)
T255C 7681:655 JLINK_ResetPullsRESET(OFF) (0000ms, 16755ms total)
T255C 7681:655 JLINK_Connect()  returns 0xFFFFFEFF (0000ms, 16755ms total)
T255C 7681:655 JLINK_ResetPullsRESET(ON) (0000ms, 16755ms total)
T255C 7681:655 JLINK_ResetNoHalt() (0000ms, 16755ms total)
T255C 7681:657 JLINK_GetHWStatus(...)  returns 0x01 (0000ms, 16755ms total)
T5924 7681:818 JLINK_EMU_GetList(InterfaceMask = 0x00000001, MaxInfos = 0x00000032) [0]: USB, S/N: 28012414  returns 0x01 (0000ms, 16755ms total)
T5924 7681:818 JLINK_EMU_GetList(InterfaceMask = 0x00000002, MaxInfos = 0x00000032)   returns 0x00 (0089ms, 16844ms total)
T5924 7683:014 JLINK_EMU_GetList(InterfaceMask = 0x00000001, MaxInfos = 0x00000032) [0]: USB, S/N: 28012414  returns 0x01 (0000ms, 16844ms total)
T5924 7683:014 JLINK_EMU_GetList(InterfaceMask = 0x00000002, MaxInfos = 0x00000032)   returns 0x00 (0089ms, 16933ms total)
T5924 7684:209 JLINK_EMU_GetList(InterfaceMask = 0x00000001, MaxInfos = 0x00000032) [0]: USB, S/N: 28012414  returns 0x01 (0001ms, 16934ms total)
T5924 7684:210 JLINK_EMU_GetList(InterfaceMask = 0x00000002, MaxInfos = 0x00000032)   returns 0x00 (0089ms, 17023ms total)
T5924 7685:406 JLINK_EMU_GetList(InterfaceMask = 0x00000001, MaxInfos = 0x00000032) [0]: USB, S/N: 28012414  returns 0x01 (0000ms, 17023ms total)
T5924 7685:406 JLINK_EMU_GetList(InterfaceMask = 0x00000002, MaxInfos = 0x00000032)   returns 0x00 (0089ms, 17112ms total)
T5924 7686:606 JLINK_EMU_GetList(InterfaceMask = 0x00000001, MaxInfos = 0x00000032) [0]: USB, S/N: 28012414  returns 0x01 (0000ms, 17112ms total)
T5924 7686:606 JLINK_EMU_GetList(InterfaceMask = 0x00000002, MaxInfos = 0x00000032)   returns 0x00 (0089ms, 17201ms total)
T5924 7687:805 JLINK_EMU_GetList(InterfaceMask = 0x00000001, MaxInfos = 0x00000032) [0]: USB, S/N: 28012414  returns 0x01 (0000ms, 17201ms total)
T5924 7687:805 JLINK_EMU_GetList(InterfaceMask = 0x00000002, MaxInfos = 0x00000032)   returns 0x00 (0089ms, 17290ms total)
T5924 7689:009 JLINK_EMU_GetList(InterfaceMask = 0x00000001, MaxInfos = 0x00000032) [0]: USB, S/N: 28012414  returns 0x01 (0000ms, 17290ms total)
T5924 7689:009 JLINK_EMU_GetList(InterfaceMask = 0x00000002, MaxInfos = 0x00000032)   returns 0x00 (0089ms, 17379ms total)
T5924 7690:208 JLINK_EMU_GetList(InterfaceMask = 0x00000001, MaxInfos = 0x00000032) [0]: USB, S/N: 28012414  returns 0x01 (0000ms, 17379ms total)
T5924 7690:208 JLINK_EMU_GetList(InterfaceMask = 0x00000002, MaxInfos = 0x00000032)   returns 0x00 (0089ms, 17468ms total)
T5924 7691:408 JLINK_EMU_GetList(InterfaceMask = 0x00000001, MaxInfos = 0x00000032) [0]: USB, S/N: 28012414  returns 0x01 (0000ms, 17468ms total)
T5924 7691:409 JLINK_EMU_GetList(InterfaceMask = 0x00000002, MaxInfos = 0x00000032)   returns 0x00 (0089ms, 17557ms total)
T5924 7692:611 JLINK_EMU_GetList(InterfaceMask = 0x00000001, MaxInfos = 0x00000032) [0]: USB, S/N: 28012414  returns 0x01 (0000ms, 17557ms total)
T5924 7692:611 JLINK_EMU_GetList(InterfaceMask = 0x00000002, MaxInfos = 0x00000032)   returns 0x00 (0089ms, 17646ms total)
T5924 7693:814 JLINK_EMU_GetList(InterfaceMask = 0x00000001, MaxInfos = 0x00000032) [0]: USB, S/N: 28012414  returns 0x01 (0000ms, 17646ms total)
T5924 7693:814 JLINK_EMU_GetList(InterfaceMask = 0x00000002, MaxInfos = 0x00000032)   returns 0x00 (0089ms, 17735ms total)
T5924 7695:008 JLINK_EMU_GetList(InterfaceMask = 0x00000001, MaxInfos = 0x00000032) [0]: USB, S/N: 28012414  returns 0x01 (0000ms, 17735ms total)
T5924 7695:008 JLINK_EMU_GetList(InterfaceMask = 0x00000002, MaxInfos = 0x00000032)   returns 0x00 (0089ms, 17824ms total)
T5924 7696:205 JLINK_EMU_GetList(InterfaceMask = 0x00000001, MaxInfos = 0x00000032) [0]: USB, S/N: 28012414  returns 0x01 (0000ms, 17824ms total)
T5924 7696:205 JLINK_EMU_GetList(InterfaceMask = 0x00000002, MaxInfos = 0x00000032)   returns 0x00 (0089ms, 17913ms total)
T5924 7697:407 JLINK_EMU_GetList(InterfaceMask = 0x00000001, MaxInfos = 0x00000032) [0]: USB, S/N: 28012414  returns 0x01 (0001ms, 17914ms total)
T5924 7697:408 JLINK_EMU_GetList(InterfaceMask = 0x00000002, MaxInfos = 0x00000032)   returns 0x00 (0089ms, 18003ms total)
T5924 7698:605 JLINK_EMU_GetList(InterfaceMask = 0x00000001, MaxInfos = 0x00000032) [0]: USB, S/N: 28012414  returns 0x01 (0001ms, 18004ms total)
T5924 7698:606 JLINK_EMU_GetList(InterfaceMask = 0x00000002, MaxInfos = 0x00000032)   returns 0x00 (0089ms, 18093ms total)
T5924 7699:804 JLINK_EMU_GetList(InterfaceMask = 0x00000001, MaxInfos = 0x00000032) [0]: USB, S/N: 28012414  returns 0x01 (0000ms, 18093ms total)
T5924 7699:804 JLINK_EMU_GetList(InterfaceMask = 0x00000002, MaxInfos = 0x00000032)   returns 0x00 (0089ms, 18182ms total)
T5924 7701:016 JLINK_EMU_GetList(InterfaceMask = 0x00000001, MaxInfos = 0x00000032) [0]: USB, S/N: 28012414  returns 0x01 (0000ms, 18182ms total)
T5924 7701:016 JLINK_EMU_GetList(InterfaceMask = 0x00000002, MaxInfos = 0x00000032)   returns 0x00 (0089ms, 18271ms total)
T5924 7702:205 JLINK_EMU_GetList(InterfaceMask = 0x00000001, MaxInfos = 0x00000032) [0]: USB, S/N: 28012414  returns 0x01 (0001ms, 18272ms total)
T5924 7702:206 JLINK_EMU_GetList(InterfaceMask = 0x00000002, MaxInfos = 0x00000032)   returns 0x00 (0089ms, 18361ms total)
T5924 7703:400 JLINK_EMU_GetList(InterfaceMask = 0x00000001, MaxInfos = 0x00000032) [0]: USB, S/N: 28012414  returns 0x01 (0000ms, 18361ms total)
T5924 7703:400 JLINK_EMU_GetList(InterfaceMask = 0x00000002, MaxInfos = 0x00000032)   returns 0x00 (0089ms, 18450ms total)
T5924 7704:610 JLINK_EMU_GetList(InterfaceMask = 0x00000001, MaxInfos = 0x00000032) [0]: USB, S/N: 28012414  returns 0x01 (0000ms, 18450ms total)
T5924 7704:611 JLINK_EMU_GetList(InterfaceMask = 0x00000002, MaxInfos = 0x00000032)   returns 0x00 (0089ms, 18539ms total)
T5924 7705:807 JLINK_EMU_GetList(InterfaceMask = 0x00000001, MaxInfos = 0x00000032) [0]: USB, S/N: 28012414  returns 0x01 (0001ms, 18540ms total)
T5924 7705:808 JLINK_EMU_GetList(InterfaceMask = 0x00000002, MaxInfos = 0x00000032)   returns 0x00 (0089ms, 18629ms total)
T5924 7707:002 JLINK_EMU_GetList(InterfaceMask = 0x00000001, MaxInfos = 0x00000032) [0]: USB, S/N: 28012414  returns 0x01 (0000ms, 18629ms total)
T5924 7707:003 JLINK_EMU_GetList(InterfaceMask = 0x00000002, MaxInfos = 0x00000032)   returns 0x00 (0089ms, 18719ms total)
T255C 7707:276 JLINK_EMU_SelectByUSBSN(SerialNo = 28012414)  returns 0xFFFFFFFF (0000ms, 18719ms total)
T255C 7707:276 JLINK_GetFirmwareString(...) (0000ms, 18719ms total)
T255C 7707:276 JLINK_GetHardwareVersion()  returns 0x00 (0000ms, 18719ms total)
T255C 7707:276 JLINK_GetDLLVersion()  returns 61200 (0000ms, 18719ms total)
T255C 7707:380 JLINK_ExecCommand("ProjectFile = C:\Users\Professor\AppData\Roaming\Atmel\jlink.config", ...).   returns 0x00 (0000ms, 18719ms total)
T255C 7707:380  (0000ms, 18719ms total)
T255C 7707:380 Closed (0000ms, 18719ms total)
